[19/Apr/2026 10:12:10] "POST /api/kimlik/token/ HTTP/1.1" 200 560
[19/Apr/2026 10:12:10] "POST /api/dokuman-asistani/dokumanlar/yukle/ HTTP/1.1" 201 903
[19/Apr/2026 10:12:10] "GET /api/dokuman-asistani/dokumanlar/2/parcalar/ HTTP/1.1" 200 1359
[19/Apr/2026 10:12:10] "POST /api/dokuman-asistani/notlar/ HTTP/1.1" 201 438
[19/Apr/2026 10:12:10] "PATCH /api/dokuman-asistani/notlar/1/ HTTP/1.1" 200 455
[19/Apr/2026 10:12:11] "POST /api/kimlik/token/ HTTP/1.1" 200 560
[19/Apr/2026 10:12:11] "POST /api/dokuman-asistani/notlar/ HTTP/1.1" 201 417
[19/Apr/2026 10:12:11] "GET /api/dokuman-asistani/notlar/2/ HTTP/1.1" 404 78
[19/Apr/2026 10:12:11] "POST /api/dokuman-asistani/notlar/ HTTP/1.1" 201 405
[19/Apr/2026 10:12:11] "POST /api/dokuman-asistani/notlar/ HTTP/1.1" 429 175
[19/Apr/2026 10:17:59] "POST /api/kimlik/token/ HTTP/1.1" 200 560
[19/Apr/2026 10:17:59] "POST /api/dokuman-asistani/dokumanlar/yukle/ HTTP/1.1" 201 903
[19/Apr/2026 10:17:59] "GET /api/dokuman-asistani/dokumanlar/3/parcalar/ HTTP/1.1" 200 1359
[19/Apr/2026 10:17:59] "POST /api/dokuman-asistani/notlar/ HTTP/1.1" 201 438
[19/Apr/2026 10:17:59] "PATCH /api/dokuman-asistani/notlar/4/ HTTP/1.1" 200 455
[19/Apr/2026 10:18:00] "POST /api/kimlik/token/ HTTP/1.1" 200 560
[19/Apr/2026 10:18:00] "POST /api/dokuman-asistani/notlar/ HTTP/1.1" 201 417
[19/Apr/2026 10:18:00] "GET /api/dokuman-asistani/notlar/5/ HTTP/1.1" 404 78
[19/Apr/2026 10:18:00] "POST /api/dokuman-asistani/notlar/ HTTP/1.1" 201 405
[19/Apr/2026 10:18:00] "POST /api/dokuman-asistani/notlar/ HTTP/1.1" 429 175
[19/Apr/2026 11:42:23] "POST /api/kimlik/token/ HTTP/1.1" 401 165
[19/Apr/2026 11:46:32] "POST /api/kimlik/token/ HTTP/1.1" 401 165
[19/Apr/2026 11:47:09] "POST /api/kimlik/token/ HTTP/1.1" 401 165
